<?xml version="1.0" encoding="UTF-8"?>
<testsuite name="AppTest" tests="2" skipped="0" failures="0" errors="0" timestamp="2016-01-15T18:39:23" hostname="epicodus-38.local" time="0.002">
  <properties/>
  <testcase name="puzzleConverter_returnUpperCaseForbt_BT" classname="AppTest" time="0.001"/>
  <testcase name="puzzle_returnDashForA_B_Dash_T" classname="AppTest" time="0.001"/>
  <system-out><![CDATA[]]></system-out>
  <system-err><![CDATA[]]></system-err>
</testsuite>
