<?xml version="1.0" encoding="UTF-8"?>
<testsuite name="AppAssertionTest" tests="3" skipped="0" failures="0" errors="0" timestamp="2016-01-16T00:10:15" hostname="epicodus-38.local" time="0.343">
  <properties/>
  <testcase name="puzzleLeavesConsonantsTest" classname="AppAssertionTest" time="0.308"/>
  <testcase name="puzzleCreatedTest" classname="AppAssertionTest" time="0.018"/>
  <testcase name="rootTest" classname="AppAssertionTest" time="0.008"/>
  <system-out><![CDATA[]]></system-out>
  <system-err><![CDATA[[Thread-4] INFO spark.webserver.SparkServer - == Spark has ignited ...
[Thread-4] INFO spark.webserver.SparkServer - >> Listening on 0.0.0.0:4567
[Thread-4] INFO org.eclipse.jetty.server.Server - jetty-9.0.2.v20130417
[Thread-4] INFO org.eclipse.jetty.server.ServerConnector - Started ServerConnector@12e746f8{HTTP/1.1}{0.0.0.0:4567}
[Test worker] INFO spark.webserver.SparkServer - >>> Spark shutting down ...
[Test worker] INFO org.eclipse.jetty.server.Server - Graceful shutdown org.eclipse.jetty.server.Server@70e405bd by 
[Test worker] INFO org.eclipse.jetty.server.ServerConnector - Stopped ServerConnector@12e746f8{HTTP/1.1}{0.0.0.0:4567}
[Test worker] INFO spark.webserver.SparkServer - done
]]></system-err>
</testsuite>
